2019-02-20 11:30:33.014 [main] INFO  com.kk.receiver.ServiceReceiverApplication - Starting ServiceReceiverApplication on DESKTOP-HAR55HV with PID 19452 (D:\softwares\IDEA\IdeaProjects\ServiceReceiver\target\classes started by xunlei in D:\softwares\IDEA\IdeaProjects\ServiceReceiver)
2019-02-20 11:30:33.016 [main] INFO  com.kk.receiver.ServiceReceiverApplication - No active profile set, falling back to default profiles: default
2019-02-20 11:30:33.052 [main] INFO  o.s.b.c.e.AnnotationConfigEmbeddedWebApplicationContext - Refreshing org.springframework.boot.context.embedded.AnnotationConfigEmbeddedWebApplicationContext@27ce24aa: startup date [Wed Feb 20 11:30:33 CST 2019]; root of context hierarchy
2019-02-20 11:30:33.354 [background-preinit] INFO  org.hibernate.validator.internal.util.Version - HV000001: Hibernate Validator 5.3.6.Final
2019-02-20 11:30:34.087 [main] INFO  o.s.b.c.e.tomcat.TomcatEmbeddedServletContainer - Tomcat initialized with port(s): 8081 (http)
2019-02-20 11:30:34.095 [main] INFO  org.apache.catalina.core.StandardService - Starting service [Tomcat]
2019-02-20 11:30:34.095 [main] INFO  org.apache.catalina.core.StandardEngine - Starting Servlet Engine: Apache Tomcat/8.5.23
2019-02-20 11:30:34.179 [localhost-startStop-1] INFO  o.a.c.core.ContainerBase.[Tomcat].[localhost].[/] - Initializing Spring embedded WebApplicationContext
2019-02-20 11:30:34.179 [localhost-startStop-1] INFO  org.springframework.web.context.ContextLoader - Root WebApplicationContext: initialization completed in 1127 ms
2019-02-20 11:30:34.298 [localhost-startStop-1] INFO  o.s.boot.web.servlet.ServletRegistrationBean - Mapping servlet: 'dispatcherServlet' to [/]
2019-02-20 11:30:34.302 [localhost-startStop-1] INFO  o.s.boot.web.servlet.FilterRegistrationBean - Mapping filter: 'characterEncodingFilter' to: [/*]
2019-02-20 11:30:34.303 [localhost-startStop-1] INFO  o.s.boot.web.servlet.FilterRegistrationBean - Mapping filter: 'hiddenHttpMethodFilter' to: [/*]
2019-02-20 11:30:34.303 [localhost-startStop-1] INFO  o.s.boot.web.servlet.FilterRegistrationBean - Mapping filter: 'httpPutFormContentFilter' to: [/*]
2019-02-20 11:30:34.303 [localhost-startStop-1] INFO  o.s.boot.web.servlet.FilterRegistrationBean - Mapping filter: 'requestContextFilter' to: [/*]
2019-02-20 11:30:34.373 [main] INFO  o.s.scheduling.concurrent.ThreadPoolTaskExecutor - Initializing ExecutorService 
2019-02-20 11:30:34.378 [main] INFO  o.s.scheduling.concurrent.ThreadPoolTaskExecutor - Initializing ExecutorService  'asyncServiceExecutor'
2019-02-20 11:30:34.582 [main] INFO  o.s.w.s.m.m.a.RequestMappingHandlerAdapter - Looking for @ControllerAdvice: org.springframework.boot.context.embedded.AnnotationConfigEmbeddedWebApplicationContext@27ce24aa: startup date [Wed Feb 20 11:30:33 CST 2019]; root of context hierarchy
2019-02-20 11:30:34.620 [main] INFO  o.s.w.s.m.m.a.RequestMappingHandlerMapping - Mapped "{[/api/stat/rt],methods=[POST]}" onto private java.lang.String com.kk.receiver.collector.MobileTerminalCollector.mobileTerminalReceiver(javax.servlet.http.HttpServletRequest)
2019-02-20 11:30:34.620 [main] INFO  o.s.w.s.m.m.a.RequestMappingHandlerMapping - Mapped "{[/api/stat/rt/js],methods=[GET]}" onto private java.lang.String com.kk.receiver.collector.WebPageEndCollector.WebPageEndReceiver(javax.servlet.http.HttpServletRequest,javax.servlet.http.HttpServletResponse)
2019-02-20 11:30:34.622 [main] INFO  o.s.w.s.m.m.a.RequestMappingHandlerMapping - Mapped "{[/error]}" onto public org.springframework.http.ResponseEntity<java.util.Map<java.lang.String, java.lang.Object>> org.springframework.boot.autoconfigure.web.BasicErrorController.error(javax.servlet.http.HttpServletRequest)
2019-02-20 11:30:34.622 [main] INFO  o.s.w.s.m.m.a.RequestMappingHandlerMapping - Mapped "{[/error],produces=[text/html]}" onto public org.springframework.web.servlet.ModelAndView org.springframework.boot.autoconfigure.web.BasicErrorController.errorHtml(javax.servlet.http.HttpServletRequest,javax.servlet.http.HttpServletResponse)
2019-02-20 11:30:34.642 [main] INFO  o.s.web.servlet.handler.SimpleUrlHandlerMapping - Mapped URL path [/webjars/**] onto handler of type [class org.springframework.web.servlet.resource.ResourceHttpRequestHandler]
2019-02-20 11:30:34.642 [main] INFO  o.s.web.servlet.handler.SimpleUrlHandlerMapping - Mapped URL path [/**] onto handler of type [class org.springframework.web.servlet.resource.ResourceHttpRequestHandler]
2019-02-20 11:30:34.670 [main] INFO  o.s.web.servlet.handler.SimpleUrlHandlerMapping - Mapped URL path [/**/favicon.ico] onto handler of type [class org.springframework.web.servlet.resource.ResourceHttpRequestHandler]
2019-02-20 11:30:34.807 [main] INFO  o.s.jmx.export.annotation.AnnotationMBeanExporter - Registering beans for JMX exposure on startup
2019-02-20 11:30:34.834 [main] INFO  org.apache.coyote.http11.Http11NioProtocol - Initializing ProtocolHandler ["http-nio-8081"]
2019-02-20 11:30:34.841 [main] INFO  org.apache.coyote.http11.Http11NioProtocol - Starting ProtocolHandler ["http-nio-8081"]
2019-02-20 11:30:34.853 [main] INFO  org.apache.tomcat.util.net.NioSelectorPool - Using a shared selector for servlet write/read
2019-02-20 11:30:34.867 [main] INFO  o.s.b.c.e.tomcat.TomcatEmbeddedServletContainer - Tomcat started on port(s): 8081 (http)
2019-02-20 11:30:34.869 [main] INFO  com.kk.receiver.ServiceReceiverApplication - Started ServiceReceiverApplication in 2.286 seconds (JVM running for 3.367)
